
./parallel-bucketsort p=4 n=100000000 b=40000 s=6764
bucketsort: n = 100000000  m = 40000 buckets seed = 6764 time = 8.897887 seconds
./parallel-bucketsort p=4 n=100000000 b=40000 s=445455
bucketsort: n = 100000000  m = 40000 buckets seed = 445455 time = 8.911767 seconds
./parallel-bucketsort p=4 n=100000000 b=40000 s=2876533
bucketsort: n = 100000000  m = 40000 buckets seed = 2876533 time = 8.527897 seconds
./parallel-bucketsort p=4 n=200000000 b=40000 s=6764
bucketsort: n = 200000000  m = 40000 buckets seed = 6764 time = 17.969071 seconds
./parallel-bucketsort p=4 n=200000000 b=40000 s=445455
bucketsort: n = 200000000  m = 40000 buckets seed = 445455 time = 18.779847 seconds
./parallel-bucketsort p=4 n=200000000 b=40000 s=2876533
bucketsort: n = 200000000  m = 40000 buckets seed = 2876533 time = 18.523514 seconds
./parallel-bucketsort p=4 n=500000000 b=40000 s=6764

===================================================================================
=   BAD TERMINATION OF ONE OF YOUR APPLICATION PROCESSES
=   PID 13027 RUNNING AT node01
=   EXIT CODE: 139
=   CLEANING UP REMAINING PROCESSES
=   YOU CAN IGNORE THE BELOW CLEANUP MESSAGES
===================================================================================
YOUR APPLICATION TERMINATED WITH THE EXIT STRING: Segmentation fault (signal 11)
This typically refers to a problem with your application.
Please see the FAQ page for debugging suggestions
./parallel-bucketsort p=4 n=500000000 b=40000 s=445455

===================================================================================
=   BAD TERMINATION OF ONE OF YOUR APPLICATION PROCESSES
=   PID 18274 RUNNING AT node07
=   EXIT CODE: 139
=   CLEANING UP REMAINING PROCESSES
=   YOU CAN IGNORE THE BELOW CLEANUP MESSAGES
===================================================================================
YOUR APPLICATION TERMINATED WITH THE EXIT STRING: Segmentation fault (signal 11)
This typically refers to a problem with your application.
Please see the FAQ page for debugging suggestions
./parallel-bucketsort p=4 n=500000000 b=40000 s=2876533

===================================================================================
=   BAD TERMINATION OF ONE OF YOUR APPLICATION PROCESSES
=   PID 18281 RUNNING AT node07
=   EXIT CODE: 139
=   CLEANING UP REMAINING PROCESSES
=   YOU CAN IGNORE THE BELOW CLEANUP MESSAGES
===================================================================================
YOUR APPLICATION TERMINATED WITH THE EXIT STRING: Segmentation fault (signal 11)
This typically refers to a problem with your application.
Please see the FAQ page for debugging suggestions
